<?xml version="1.0" encoding="UTF-8"?>
<!-- Generated by org.testng.reporters.JUnitXMLReporter -->
<testsuite ignored="0" hostname="DESKTOP-J94RMLN" failures="1" tests="4" name="Surefire test" time="30.515" errors="0" timestamp="2023-07-01T23:11:55 IST">
  <testcase classname="io.cucumber.testng.AbstractTestNGCucumberTests" name="runScenario" time="10.912"/>
  <testcase classname="io.cucumber.testng.AbstractTestNGCucumberTests" name="runScenario" time="8.866"/>
  <testcase classname="io.cucumber.testng.AbstractTestNGCucumberTests" name="runScenario" time="4.533"/>
  <testcase classname="io.cucumber.testng.AbstractTestNGCucumberTests" name="runScenario" time="5.182">
    <failure type="java.lang.AssertionError" message="expected [No data] but found [Beetroot]">
      <![CDATA[java.lang.AssertionError: expected [No data] but found [Beetroot]
at StepDefinations.OfferPageStepDefinations.Validate_product_name_in_offer_page_matches_with_the_product_name_in_landing_page(OfferPageStepDefinations.java:36)
at ✽.Validate product name in offer page matches with the product name in landing page(file:///C:/Users/user/eclipse-workspace/PMCdev/src/test/java/Feature/searchItems.feature:9)
... Removed 6 stack frames]]>
    </failure>
  </testcase> <!-- runScenario -->
</testsuite> <!-- Surefire test -->
