<?xml version="1.0" encoding="UTF-8"?>
<!-- Generated by org.testng.reporters.JUnitReportReporter -->
<testsuite hostname="DESKTOP-J94RMLN" failures="1" tests="4" name="PMCdev.PMCdev.TestngTestRunner" time="144.153" errors="0" timestamp="2023-06-23T17:26:00 IST" skipped="0">
  <testcase classname="PMCdev.PMCdev.TestngTestRunner" name="runScenario" time="46.665"/>
  <system-out/>
  <testcase classname="PMCdev.PMCdev.TestngTestRunner" name="runScenario" time="47.198"/>
  <system-out/>
  <testcase classname="PMCdev.PMCdev.TestngTestRunner" name="runScenario" time="10.628"/>
  <system-out/>
  <testcase classname="PMCdev.PMCdev.TestngTestRunner" name="runScenario" time="39.662">
    <failure message="expected [No data] but found [Beetroot]" type="java.lang.AssertionError">
      <![CDATA[java.lang.AssertionError: expected [No data] but found [Beetroot]
at org.testng.Assert.fail(Assert.java:110)
at org.testng.Assert.failNotEquals(Assert.java:1577)
at org.testng.Assert.assertEqualsImpl(Assert.java:149)
at org.testng.Assert.assertEquals(Assert.java:131)
at org.testng.Assert.assertEquals(Assert.java:655)
at org.testng.Assert.assertEquals(Assert.java:665)
at StepDefinations.OfferPageStepDefinations.Validate_product_name_in_offer_page_matches_with_the_product_name_in_landing_page(OfferPageStepDefinations.java:36)
at ✽.Validate product name in offer page matches with the product name in landing page(file:///C:/Users/user/eclipse-workspace/PMCdev/src/test/java/Feature/searchItems.feature:9)
]]>
    </failure>
  </testcase> <!-- runScenario -->
  <system-out/>
</testsuite> <!-- PMCdev.PMCdev.TestngTestRunner -->
